2017-10-22 04:40:37 [INFO] Welcome! Please choose a language first!
2017-10-22 04:40:37 [INFO] eng => English
2017-10-22 04:40:37 [INFO] chs => 中文（简体）
2017-10-22 04:40:37 [INFO] cht => 中文（繁體）
2017-10-22 04:40:37 [INFO] jpn => 日本語
2017-10-22 04:40:37 [INFO] rus => Pyccĸий
2017-10-22 04:40:37 [INFO] spa => Español
2017-10-22 04:40:37 [INFO] pol => Polish
2017-10-22 04:40:37 [INFO] bra => Português-Brasil
2017-10-22 04:40:37 [INFO] kor => 한국어
2017-10-22 04:40:37 [INFO] ukr => Українська
2017-10-22 04:40:37 [INFO] deu => Deutsch
2017-10-22 04:40:37 [INFO] ltu => Lietuviškai
2017-10-22 04:40:37 [INFO] idn => Indonesia
2017-10-22 04:40:37 [INFO] cze => Czech
2017-10-22 04:40:43 [INFO] Loading nukkit.yml...
2017-10-22 04:40:43 [INFO] Loading server properties...
2017-10-22 04:40:43 [INFO] Selected English (eng) as the base language
2017-10-22 04:40:43 [INFO] Starting Minecraft: PE server version v1.2.2
2017-10-22 04:40:44 [INFO] Opening server on 0.0.0.0:19132
2017-10-22 04:40:44 [INFO] This server is running Nukkit version 1.0dev "蘋果(Apple)派(Pie)" (API 1.0.0)
2017-10-22 04:40:44 [INFO] Nukkit is distributed under the LGPL License
2017-10-22 04:40:49 [INFO] Loading recipes...
2017-10-22 04:40:50 [INFO] Loaded 415 recipes.
2017-10-22 04:40:50 [INFO] Successfully loaded 0 resource packs
2017-10-22 04:40:50 [NOTICE] Level "world" not found
2017-10-22 04:40:50 [INFO] Preparing level "world"
2017-10-22 04:40:51 [INFO] Starting GS4 status listener
2017-10-22 04:40:51 [INFO] Setting query port to 19132
2017-10-22 04:40:51 [INFO] Query is running on 0.0.0.0:19132
2017-10-22 04:40:51 [INFO] Default game type: Survival Mode
2017-10-22 04:40:51 [INFO] Done (19.452s)! For help, type "help" or "?"
2017-10-22 04:48:54 [INFO] [CONSOLE: Stopping the server]
2017-10-22 04:48:54 [INFO] Unloading level "world"
2017-10-22 04:48:54 [INFO] Stopping other threads
