2017-9-27 22:10:29 [INFO] Loading nukkit.yml...
2017-9-27 22:10:29 [INFO] Loading server properties...
2017-9-27 22:10:29 [INFO] Selected English (eng) as the base language
2017-9-27 22:10:29 [INFO] Starting Minecraft: PE server version v1.2.0.31 beta
2017-9-27 22:10:29 [INFO] Opening server on 0.0.0.0:19132
2017-9-27 22:10:29 [INFO] This server is running Nukkit version 1.0dev "蘋果(Apple)派(Pie)" (API 1.0.0)
2017-9-27 22:10:29 [INFO] Nukkit is distributed under the LGPL License
2017-9-27 22:10:29 [INFO] Loading recipes...
2017-9-27 22:10:29 [INFO] Loaded 415 recipes.
2017-9-27 22:10:29 [INFO] Successfully loaded 0 resource packs
2017-9-27 22:10:29 [INFO] Loading DbLib v0.2.1
2017-9-27 22:10:29 [INFO] [DbLib] Connecting to: jdbc:sqlite:C:\Users\elane\Desktop\Nukkit\nukkit.db (user: nukkit)
2017-9-27 22:10:29 [INFO] [DbLib] DbLib 0.2.1 created by fromgate for nukkit.ru
2017-9-27 22:10:29 [INFO] Loading FastAsyncWorldEdit v17.09.24-c3d12f1-908-16.6.5
2017-9-27 22:10:29 [INFO] Loading xKeepInventory v1.0.1505
2017-9-27 22:10:29 [INFO] Preparing level "world"
2017-9-27 22:10:29 [INFO] Enabling DbLib v0.2.1
2017-9-27 22:10:29 [INFO] Enabling FastAsyncWorldEdit v17.09.24-c3d12f1-908-16.6.5
2017-9-27 22:10:31 [INFO] Enabling xKeepInventory v1.0.1505
2017-9-27 22:10:31 [INFO] [xKeepInventory] Enabled successful
2017-9-27 22:10:31 [INFO] [xKeepInventory] Inventory keeping enabled by user!
2017-9-27 22:10:31 [INFO] Starting GS4 status listener
2017-9-27 22:10:31 [INFO] Setting query port to 19132
2017-9-27 22:10:31 [INFO] Query is running on 0.0.0.0:19132
2017-9-27 22:10:31 [INFO] Default game type: Survival Mode
2017-9-27 22:10:31 [INFO] Done (3.118s)! For help, type "help" or "?"
