2017-9-27 13:21:40 [INFO] Welcome! Please choose a language first!
2017-9-27 13:21:40 [INFO] eng => English
2017-9-27 13:21:40 [INFO] chs => 中文（简体）
2017-9-27 13:21:40 [INFO] cht => 中文（繁體）
2017-9-27 13:21:40 [INFO] jpn => 日本語
2017-9-27 13:21:40 [INFO] rus => Pyccĸий
2017-9-27 13:21:40 [INFO] spa => Español
2017-9-27 13:21:40 [INFO] pol => Polish
2017-9-27 13:21:40 [INFO] bra => Português-Brasil
2017-9-27 13:21:40 [INFO] kor => 한국어
2017-9-27 13:21:40 [INFO] ukr => Українська
2017-9-27 13:21:40 [INFO] deu => Deutsch
2017-9-27 13:21:40 [INFO] ltu => Lietuviškai
2017-9-27 13:21:40 [INFO] idn => Indonesia
2017-9-27 13:21:40 [INFO] cze => Czech
2017-9-27 13:21:42 [INFO] Loading nukkit.yml...
2017-9-27 13:21:42 [INFO] Loading server properties...
2017-9-27 13:21:42 [INFO] Selected English (eng) as the base language
2017-9-27 13:21:42 [INFO] Starting Minecraft: PE server version v1.2.0.31 beta
2017-9-27 13:21:42 [INFO] Opening server on 0.0.0.0:19132
2017-9-27 13:21:42 [INFO] This server is running Nukkit version 1.0dev "蘋果(Apple)派(Pie)" (API 1.0.0)
2017-9-27 13:21:42 [INFO] Nukkit is distributed under the LGPL License
2017-9-27 13:21:42 [INFO] Loading recipes...
2017-9-27 13:21:42 [INFO] Loaded 415 recipes.
2017-9-27 13:21:42 [INFO] Successfully loaded 0 resource packs
2017-9-27 13:21:42 [NOTICE] Level "world" not found
2017-9-27 13:21:42 [INFO] Preparing level "world"
2017-9-27 13:21:42 [INFO] Starting GS4 status listener
2017-9-27 13:21:42 [INFO] Setting query port to 19132
2017-9-27 13:21:42 [INFO] Query is running on 0.0.0.0:19132
2017-9-27 13:21:42 [INFO] Default game type: Survival Mode
2017-9-27 13:21:42 [INFO] Done (2.334s)! For help, type "help" or "?"
